<?xml version="1.0" encoding="UTF-8"?>
<trace:TraceModel
    xmi:version="2.0"
    xmlns:xmi="http://www.omg.org/XMI"
    xmlns:trace="http://www.eclipse.org/gmf/2006/Trace">
  <nodeTraces
      visualID="2001"
      queryText="(let _eClass_:ecore::EClass = modelFacet.metaClass.ecoreClass in _eClass_.ePackage.nsURI = 'http://www.certware.net/state/StateAnalysisGui' and _eClass_.name = 'Subsystem') and (let _containmentMF_:ecore::EStructuralFeature = modelFacet.containmentMetaFeature.ecoreFeature in (let _eClass_:ecore::EClass = _containmentMF_.eContainingClass in _eClass_.ePackage.nsURI = 'http://www.certware.net/state/StateAnalysisGui' and _eClass_.name = 'System') and _containmentMF_.name = 'subsystems')">
    <nodeLabelTraces
        visualID="5001"
        queryText="true"/>
    <compartmentTraces
        visualID="7001"
        queryText="true"/>
  </nodeTraces>
  <childNodeTraces
      visualID="3001"
      queryText="(let _eClass_:ecore::EClass = modelFacet.metaClass.ecoreClass in _eClass_.ePackage.nsURI = 'http://www.certware.net/state/StateAnalysisGui' and _eClass_.name = 'DeploymentSet') and (let _containmentMF_:ecore::EStructuralFeature = modelFacet.containmentMetaFeature.ecoreFeature in (let _eClass_:ecore::EClass = _containmentMF_.eContainingClass in _eClass_.ePackage.nsURI = 'http://www.certware.net/state/StateAnalysisGui' and _eClass_.name = 'Subsystem') and _containmentMF_.name = 'deploymentSets')">
    <nodeLabelTraces
        visualID="5002"
        queryText="true"/>
    <compartmentTraces
        visualID="7002"
        queryText="true"/>
  </childNodeTraces>
  <childNodeTraces
      visualID="3002"
      queryText="(let _eClass_:ecore::EClass = modelFacet.metaClass.ecoreClass in _eClass_.ePackage.nsURI = 'http://www.certware.net/state/StateAnalysisGui' and _eClass_.name = 'Deployment') and (let _containmentMF_:ecore::EStructuralFeature = modelFacet.containmentMetaFeature.ecoreFeature in (let _eClass_:ecore::EClass = _containmentMF_.eContainingClass in _eClass_.ePackage.nsURI = 'http://www.certware.net/state/StateAnalysisGui' and _eClass_.name = 'DeploymentSet') and _containmentMF_.name = 'deployments')">
    <nodeLabelTraces
        visualID="5003"
        queryText="true"/>
    <compartmentTraces
        visualID="7003"
        queryText="true"/>
    <compartmentTraces
        visualID="7004"
        queryText="true"/>
  </childNodeTraces>
  <childNodeTraces
      visualID="3004"
      queryText="(let _eClass_:ecore::EClass = modelFacet.metaClass.ecoreClass in _eClass_.ePackage.nsURI = 'http://www.certware.net/state/StateAnalysisGui' and _eClass_.name = 'DataCollection') and (let _containmentMF_:ecore::EStructuralFeature = modelFacet.containmentMetaFeature.ecoreFeature in (let _eClass_:ecore::EClass = _containmentMF_.eContainingClass in _eClass_.ePackage.nsURI = 'http://www.certware.net/state/StateAnalysisGui' and _eClass_.name = 'Deployment') and _containmentMF_.name = 'catalogs')">
    <nodeLabelTraces
        visualID="5007"
        queryText="true"/>
    <compartmentTraces
        visualID="7009"
        queryText="true"/>
    <compartmentTraces
        visualID="7010"
        queryText="true"/>
  </childNodeTraces>
  <childNodeTraces
      visualID="3005"
      queryText="(let _eClass_:ecore::EClass = modelFacet.metaClass.ecoreClass in _eClass_.ePackage.nsURI = 'http://www.certware.net/state/StateAnalysisGui' and _eClass_.name = 'QosPolicy') and (let _containmentMF_:ecore::EStructuralFeature = modelFacet.containmentMetaFeature.ecoreFeature in (let _eClass_:ecore::EClass = _containmentMF_.eContainingClass in _eClass_.ePackage.nsURI = 'http://www.certware.net/state/StateAnalysisGui' and _eClass_.name = 'DataCollection') and _containmentMF_.name = 'policies')">
    <nodeLabelTraces
        visualID="5005"
        queryText="true"/>
  </childNodeTraces>
  <childNodeTraces
      visualID="3006"
      queryText="(let _eClass_:ecore::EClass = modelFacet.metaClass.ecoreClass in _eClass_.ePackage.nsURI = 'http://www.certware.net/state/StateAnalysisGui' and _eClass_.name = 'DataProduct') and (let _containmentMF_:ecore::EStructuralFeature = modelFacet.containmentMetaFeature.ecoreFeature in (let _eClass_:ecore::EClass = _containmentMF_.eContainingClass in _eClass_.ePackage.nsURI = 'http://www.certware.net/state/StateAnalysisGui' and _eClass_.name = 'DataCollection') and _containmentMF_.name = 'products')">
    <nodeLabelTraces
        visualID="5006"
        queryText="true"/>
  </childNodeTraces>
  <childNodeTraces
      visualID="3008"
      queryText="(let _eClass_:ecore::EClass = modelFacet.metaClass.ecoreClass in _eClass_.ePackage.nsURI = 'http://www.certware.net/state/StateAnalysisGui' and _eClass_.name = 'StateConstraint') and (let _containmentMF_:ecore::EStructuralFeature = modelFacet.containmentMetaFeature.ecoreFeature in (let _eClass_:ecore::EClass = _containmentMF_.eContainingClass in _eClass_.ePackage.nsURI = 'http://www.certware.net/state/StateAnalysisGui' and _eClass_.name = 'StateVariable') and _containmentMF_.name = 'inStateConstraints')">
    <nodeLabelTraces
        visualID="5008"
        queryText="true"/>
  </childNodeTraces>
  <childNodeTraces
      visualID="3009"
      queryText="(let _eClass_:ecore::EClass = modelFacet.metaClass.ecoreClass in _eClass_.ePackage.nsURI = 'http://www.certware.net/state/StateAnalysisGui' and _eClass_.name = 'StateConstraint') and (let _containmentMF_:ecore::EStructuralFeature = modelFacet.containmentMetaFeature.ecoreFeature in (let _eClass_:ecore::EClass = _containmentMF_.eContainingClass in _eClass_.ePackage.nsURI = 'http://www.certware.net/state/StateAnalysisGui' and _eClass_.name = 'StateVariable') and _containmentMF_.name = 'outStateConstraints')">
    <nodeLabelTraces
        visualID="5009"
        queryText="true"/>
  </childNodeTraces>
  <childNodeTraces
      visualID="3010"
      queryText="(let _eClass_:ecore::EClass = modelFacet.metaClass.ecoreClass in _eClass_.ePackage.nsURI = 'http://www.certware.net/state/StateAnalysisGui' and _eClass_.name = 'StateUpdate') and (let _containmentMF_:ecore::EStructuralFeature = modelFacet.containmentMetaFeature.ecoreFeature in (let _eClass_:ecore::EClass = _containmentMF_.eContainingClass in _eClass_.ePackage.nsURI = 'http://www.certware.net/state/StateAnalysisGui' and _eClass_.name = 'StateVariable') and _containmentMF_.name = 'stateUpdates')">
    <nodeLabelTraces
        visualID="5010"
        queryText="true"/>
  </childNodeTraces>
  <childNodeTraces
      visualID="3011"
      queryText="(let _eClass_:ecore::EClass = modelFacet.metaClass.ecoreClass in _eClass_.ePackage.nsURI = 'http://www.certware.net/state/StateAnalysisGui' and _eClass_.name = 'StateVariable') and (let _containmentMF_:ecore::EStructuralFeature = modelFacet.containmentMetaFeature.ecoreFeature in (let _eClass_:ecore::EClass = _containmentMF_.eContainingClass in _eClass_.ePackage.nsURI = 'http://www.certware.net/state/StateAnalysisGui' and _eClass_.name = 'StateVariable') and _containmentMF_.name = 'influencedBy')">
    <nodeLabelTraces
        visualID="5011"
        queryText="true"/>
    <compartmentTraces
        visualID="7015"
        queryText="true"/>
    <compartmentTraces
        visualID="7016"
        queryText="true"/>
    <compartmentTraces
        visualID="7017"
        queryText="true"/>
    <compartmentTraces
        visualID="7018"
        queryText="true"/>
  </childNodeTraces>
  <childNodeTraces
      visualID="3013"
      queryText="(let _eClass_:ecore::EClass = modelFacet.metaClass.ecoreClass in _eClass_.ePackage.nsURI = 'http://www.certware.net/state/StateAnalysisGui' and _eClass_.name = 'StateConstraint') and (let _containmentMF_:ecore::EStructuralFeature = modelFacet.containmentMetaFeature.ecoreFeature in (let _eClass_:ecore::EClass = _containmentMF_.eContainingClass in _eClass_.ePackage.nsURI = 'http://www.certware.net/state/StateAnalysisGui' and _eClass_.name = 'Controller') and _containmentMF_.name = 'stateConstraint')">
    <nodeLabelTraces
        visualID="5013"
        queryText="true"/>
  </childNodeTraces>
  <childNodeTraces
      visualID="3014"
      queryText="(let _eClass_:ecore::EClass = modelFacet.metaClass.ecoreClass in _eClass_.ePackage.nsURI = 'http://www.certware.net/state/StateAnalysisGui' and _eClass_.name = 'HardwareCommand') and (let _containmentMF_:ecore::EStructuralFeature = modelFacet.containmentMetaFeature.ecoreFeature in (let _eClass_:ecore::EClass = _containmentMF_.eContainingClass in _eClass_.ePackage.nsURI = 'http://www.certware.net/state/StateAnalysisGui' and _eClass_.name = 'Controller') and _containmentMF_.name = 'hardwareCommand')">
    <nodeLabelTraces
        visualID="5014"
        queryText="true"/>
  </childNodeTraces>
  <childNodeTraces
      visualID="3016"
      queryText="(let _eClass_:ecore::EClass = modelFacet.metaClass.ecoreClass in _eClass_.ePackage.nsURI = 'http://www.certware.net/state/StateAnalysisGui' and _eClass_.name = 'StateConstraint') and (let _containmentMF_:ecore::EStructuralFeature = modelFacet.containmentMetaFeature.ecoreFeature in (let _eClass_:ecore::EClass = _containmentMF_.eContainingClass in _eClass_.ePackage.nsURI = 'http://www.certware.net/state/StateAnalysisGui' and _eClass_.name = 'Estimator') and _containmentMF_.name = 'stateConstraints')">
    <nodeLabelTraces
        visualID="5016"
        queryText="true"/>
  </childNodeTraces>
  <childNodeTraces
      visualID="3017"
      queryText="(let _eClass_:ecore::EClass = modelFacet.metaClass.ecoreClass in _eClass_.ePackage.nsURI = 'http://www.certware.net/state/StateAnalysisGui' and _eClass_.name = 'StateUpdate') and (let _containmentMF_:ecore::EStructuralFeature = modelFacet.containmentMetaFeature.ecoreFeature in (let _eClass_:ecore::EClass = _containmentMF_.eContainingClass in _eClass_.ePackage.nsURI = 'http://www.certware.net/state/StateAnalysisGui' and _eClass_.name = 'Estimator') and _containmentMF_.name = 'stateUpdates')">
    <nodeLabelTraces
        visualID="5017"
        queryText="true"/>
  </childNodeTraces>
  <childNodeTraces
      visualID="3018"
      queryText="(let _eClass_:ecore::EClass = modelFacet.metaClass.ecoreClass in _eClass_.ePackage.nsURI = 'http://www.certware.net/state/StateAnalysisGui' and _eClass_.name = 'HardwareMeasurement') and (let _containmentMF_:ecore::EStructuralFeature = modelFacet.containmentMetaFeature.ecoreFeature in (let _eClass_:ecore::EClass = _containmentMF_.eContainingClass in _eClass_.ePackage.nsURI = 'http://www.certware.net/state/StateAnalysisGui' and _eClass_.name = 'Estimator') and _containmentMF_.name = 'hardwareMeasurement')">
    <nodeLabelTraces
        visualID="5018"
        queryText="true"/>
  </childNodeTraces>
  <childNodeTraces
      visualID="3020"
      queryText="(let _eClass_:ecore::EClass = modelFacet.metaClass.ecoreClass in _eClass_.ePackage.nsURI = 'http://www.certware.net/state/StateAnalysisGui' and _eClass_.name = 'HardwareCommand') and (let _containmentMF_:ecore::EStructuralFeature = modelFacet.containmentMetaFeature.ecoreFeature in (let _eClass_:ecore::EClass = _containmentMF_.eContainingClass in _eClass_.ePackage.nsURI = 'http://www.certware.net/state/StateAnalysisGui' and _eClass_.name = 'HardwareAdapter') and _containmentMF_.name = 'hardwareCommands')">
    <nodeLabelTraces
        visualID="5020"
        queryText="true"/>
  </childNodeTraces>
  <childNodeTraces
      visualID="3021"
      queryText="(let _eClass_:ecore::EClass = modelFacet.metaClass.ecoreClass in _eClass_.ePackage.nsURI = 'http://www.certware.net/state/StateAnalysisGui' and _eClass_.name = 'HardwareMeasurement') and (let _containmentMF_:ecore::EStructuralFeature = modelFacet.containmentMetaFeature.ecoreFeature in (let _eClass_:ecore::EClass = _containmentMF_.eContainingClass in _eClass_.ePackage.nsURI = 'http://www.certware.net/state/StateAnalysisGui' and _eClass_.name = 'HardwareAdapter') and _containmentMF_.name = 'hardwareMeasurements')">
    <nodeLabelTraces
        visualID="5021"
        queryText="true"/>
  </childNodeTraces>
  <childNodeTraces
      visualID="3024"
      queryText="(let _eClass_:ecore::EClass = modelFacet.metaClass.ecoreClass in _eClass_.ePackage.nsURI = 'http://www.certware.net/state/StateAnalysisGui' and _eClass_.name = 'Device') and (let _containmentMF_:ecore::EStructuralFeature = modelFacet.containmentMetaFeature.ecoreFeature in (let _eClass_:ecore::EClass = _containmentMF_.eContainingClass in _eClass_.ePackage.nsURI = 'http://www.certware.net/state/StateAnalysisGui' and _eClass_.name = 'HardwareAdapter') and _containmentMF_.name = 'devices')">
    <nodeLabelTraces
        visualID="5027"
        queryText="true"/>
    <compartmentTraces
        visualID="7028"
        queryText="true"/>
    <compartmentTraces
        visualID="7029"
        queryText="true"/>
  </childNodeTraces>
  <childNodeTraces
      visualID="3025"
      queryText="(let _eClass_:ecore::EClass = modelFacet.metaClass.ecoreClass in _eClass_.ePackage.nsURI = 'http://www.certware.net/state/StateAnalysisGui' and _eClass_.name = 'DeviceCommand') and (let _containmentMF_:ecore::EStructuralFeature = modelFacet.containmentMetaFeature.ecoreFeature in (let _eClass_:ecore::EClass = _containmentMF_.eContainingClass in _eClass_.ePackage.nsURI = 'http://www.certware.net/state/StateAnalysisGui' and _eClass_.name = 'Device') and _containmentMF_.name = 'deviceCommands')">
    <nodeLabelTraces
        visualID="5025"
        queryText="true"/>
  </childNodeTraces>
  <childNodeTraces
      visualID="3026"
      queryText="(let _eClass_:ecore::EClass = modelFacet.metaClass.ecoreClass in _eClass_.ePackage.nsURI = 'http://www.certware.net/state/StateAnalysisGui' and _eClass_.name = 'DeviceMeasurement') and (let _containmentMF_:ecore::EStructuralFeature = modelFacet.containmentMetaFeature.ecoreFeature in (let _eClass_:ecore::EClass = _containmentMF_.eContainingClass in _eClass_.ePackage.nsURI = 'http://www.certware.net/state/StateAnalysisGui' and _eClass_.name = 'Device') and _containmentMF_.name = 'deviceMeasurements')">
    <nodeLabelTraces
        visualID="5026"
        queryText="true"/>
  </childNodeTraces>
  <childNodeTraces
      visualID="3027"
      queryText="(let _eClass_:ecore::EClass = modelFacet.metaClass.ecoreClass in _eClass_.ePackage.nsURI = 'http://www.certware.net/state/StateAnalysisGui' and _eClass_.name = 'StateVariable') and (let _containmentMF_:ecore::EStructuralFeature = modelFacet.containmentMetaFeature.ecoreFeature in (let _eClass_:ecore::EClass = _containmentMF_.eContainingClass in _eClass_.ePackage.nsURI = 'http://www.certware.net/state/StateAnalysisGui' and _eClass_.name = 'Deployment') and _containmentMF_.name = 'components')">
    <nodeLabelTraces
        visualID="5028"
        queryText="true"/>
    <compartmentTraces
        visualID="7030"
        queryText="true"/>
    <compartmentTraces
        visualID="7031"
        queryText="true"/>
    <compartmentTraces
        visualID="7032"
        queryText="true"/>
    <compartmentTraces
        visualID="7033"
        queryText="true"/>
  </childNodeTraces>
  <childNodeTraces
      visualID="3028"
      queryText="(let _eClass_:ecore::EClass = modelFacet.metaClass.ecoreClass in _eClass_.ePackage.nsURI = 'http://www.certware.net/state/StateAnalysisGui' and _eClass_.name = 'Controller') and (let _containmentMF_:ecore::EStructuralFeature = modelFacet.containmentMetaFeature.ecoreFeature in (let _eClass_:ecore::EClass = _containmentMF_.eContainingClass in _eClass_.ePackage.nsURI = 'http://www.certware.net/state/StateAnalysisGui' and _eClass_.name = 'Deployment') and _containmentMF_.name = 'components')">
    <nodeLabelTraces
        visualID="5029"
        queryText="true"/>
    <compartmentTraces
        visualID="7034"
        queryText="true"/>
    <compartmentTraces
        visualID="7035"
        queryText="true"/>
  </childNodeTraces>
  <childNodeTraces
      visualID="3029"
      queryText="(let _eClass_:ecore::EClass = modelFacet.metaClass.ecoreClass in _eClass_.ePackage.nsURI = 'http://www.certware.net/state/StateAnalysisGui' and _eClass_.name = 'Estimator') and (let _containmentMF_:ecore::EStructuralFeature = modelFacet.containmentMetaFeature.ecoreFeature in (let _eClass_:ecore::EClass = _containmentMF_.eContainingClass in _eClass_.ePackage.nsURI = 'http://www.certware.net/state/StateAnalysisGui' and _eClass_.name = 'Deployment') and _containmentMF_.name = 'components')">
    <nodeLabelTraces
        visualID="5030"
        queryText="true"/>
    <compartmentTraces
        visualID="7036"
        queryText="true"/>
    <compartmentTraces
        visualID="7037"
        queryText="true"/>
    <compartmentTraces
        visualID="7038"
        queryText="true"/>
  </childNodeTraces>
  <childNodeTraces
      visualID="3030"
      queryText="(let _eClass_:ecore::EClass = modelFacet.metaClass.ecoreClass in _eClass_.ePackage.nsURI = 'http://www.certware.net/state/StateAnalysisGui' and _eClass_.name = 'HardwareAdapter') and (let _containmentMF_:ecore::EStructuralFeature = modelFacet.containmentMetaFeature.ecoreFeature in (let _eClass_:ecore::EClass = _containmentMF_.eContainingClass in _eClass_.ePackage.nsURI = 'http://www.certware.net/state/StateAnalysisGui' and _eClass_.name = 'Deployment') and _containmentMF_.name = 'components')">
    <nodeLabelTraces
        visualID="5031"
        queryText="true"/>
    <compartmentTraces
        visualID="7039"
        queryText="true"/>
    <compartmentTraces
        visualID="7040"
        queryText="true"/>
    <compartmentTraces
        visualID="7041"
        queryText="true"/>
  </childNodeTraces>
  <linkTraces
      visualID="4001"
      queryText="modelFacet.oclIsKindOf(gmfgen::FeatureLinkModelFacet) and (let _feature_:ecore::EStructuralFeature = modelFacet.oclAsType(gmfgen::FeatureLinkModelFacet).metaFeature.ecoreFeature in (let _eClass_:ecore::EClass = _feature_.eContainingClass in _eClass_.ePackage.nsURI = 'http://www.certware.net/state/StateAnalysisGui' and _eClass_.name = 'Controller') and _feature_.name = 'delegates')">
    <linkLabelTraces
        visualID="6001"
        queryText="true"/>
  </linkTraces>
  <linkTraces
      visualID="4002"
      queryText="modelFacet.oclIsKindOf(gmfgen::FeatureLinkModelFacet) and (let _feature_:ecore::EStructuralFeature = modelFacet.oclAsType(gmfgen::FeatureLinkModelFacet).metaFeature.ecoreFeature in (let _eClass_:ecore::EClass = _feature_.eContainingClass in _eClass_.ePackage.nsURI = 'http://www.certware.net/state/StateAnalysisGui' and _eClass_.name = 'Estimator') and _feature_.name = 'distilledMeasurements')">
    <linkLabelTraces
        visualID="6002"
        queryText="true"/>
  </linkTraces>
</trace:TraceModel>
