#
# A fatal error has been detected by the Java Runtime Environment:
#
#  SIGSEGV (0xb) at pc=0x0000000107aadde8, pid=25734, tid=20227
#
# JRE version: Java(TM) SE Runtime Environment (7.0_45-b18) (build 1.7.0_45-b18)
# Java VM: Java HotSpot(TM) 64-Bit Server VM (24.45-b08 mixed mode bsd-amd64 compressed oops)
# Problematic frame:
# V  [libjvm.dylib+0x2adde8]
#
# Failed to write core dump. Core dumps have been disabled. To enable core dumping, try "ulimit -c unlimited" before starting Java again
#
# If you would like to submit a bug report, please visit:
#   http://bugreport.sun.com/bugreport/crash.jsp
#

---------------  T H R E A D  ---------------

Current thread (0x00007f80a3803800):  JavaThread "JDWP Transport Listener: dt_socket" daemon [_thread_in_vm, id=20227, stack(0x0000000117866000,0x0000000117966000)]

siginfo:si_signo=SIGSEGV: si_errno=0, si_code=1 (SEGV_MAPERR), si_addr=0x000000000000000c

Registers:
RAX=0x0000000000000000, RBX=0x00000007ab437a60, RCX=0x000000000000000c, RDX=0x0000000000000000
RSP=0x0000000117965a10, RBP=0x0000000117965a10, RSI=0x00007f80a4800978, RDI=0x00000007ab437a60
R8 =0x0000000000000000, R9 =0x00007f80a2400000, R10=0x000000004caaafc5, R11=0xffff808075446730
R12=0x00007f80a3803800, R13=0x00007f80a251f320, R14=0x0000000000000000, R15=0x0000000000000000
RIP=0x0000000107aadde8, EFLAGS=0x0000000000010202, ERR=0x0000000000000004
  TRAPNO=0x000000000000000e

Top of Stack: (sp=0x0000000117965a10)
0x0000000117965a10:   0000000117965a40 0000000107add59a
0x0000000117965a20:   0000000000000000 0000000000000000
0x0000000117965a30:   00000007ab437a60 00007f80a38039e8
0x0000000117965a40:   0000000117965ab0 0000000107b04e48
0x0000000117965a50:   00007f80a3803800 00007f80a3803800
0x0000000117965a60:   0000000000000000 0000000000000000
0x0000000117965a70:   00007f80a38039e8 00007f80a3803800
0x0000000117965a80:   00007f80a3803800 0000000117965b08
0x0000000117965a90:   00007f80a4800978 00007f80a251f320
0x0000000117965aa0:   0000000117965c90 00007f80a38039e8
0x0000000117965ab0:   0000000117965ae0 00000001067a452e
0x0000000117965ac0:   0000000117965c90 00000001067c4dc0
0x0000000117965ad0:   0000000117965b08 00000001067d0578
0x0000000117965ae0:   0000000117965d00 00000001067ab6b2
0x0000000117965af0:   00004c7b00000013 0000000000010a00
0x0000000117965b00:   00007f80a251f340 0000000117965b58
0x0000000117965b10:   00007f800000012c 0000000117965b20
0x0000000117965b20:   00007f8000000000 0000000117965b58
0x0000000117965b30:   0000000000000000 00007f0000000000
0x0000000117965b40:   00004c7b00000170 00007fff00002e80
0x0000000117965b50:   0000000000000000 0000000007000000
0x0000000117965b60:   0500000032000000 00000065756c6176
0x0000000117965b70:   0000000000435b02 0000000000120000
0x0000000117965b80:   6804000000420000 4901000000687361
0x0000000117965b90:   0200000000000000 304f42a2807f0000
0x0000000117965ba0:   6972657310000000 6f69737265566c61
0x0000000117965bb0:   010000004449556e 000000000000004a
0x0000000117965bc0:   4f42a2807f00001a 7265731600000010
0x0000000117965bd0:   69737265506c6169 656946746e657473
0x0000000117965be0:   5b1c00000073646c 6f692f6176616a4c
0x0000000117965bf0:   537463656a624f2f 6569466d61657274
0x0000000117965c00:   00000000003b646c a2807f00001a0000 

Instructions: (pc=0x0000000107aadde8)
0x0000000107aaddc8:   eb 16 48 8d 35 ef 27 4c 00 8a 4e 08 48 d3 e2 48
0x0000000107aaddd8:   03 16 eb 04 48 8b 14 0f 84 c0 0f 94 c0 0f b6 c0
0x0000000107aadde8:   8b 44 82 0c 5d c3 8b 04 07 5d c3 90 55 48 89 e5
0x0000000107aaddf8:   f6 87 8d 00 00 00 02 75 04 31 ff eb 23 48 63 87 

Register to memory mapping:

RAX=0x0000000000000000 is an unknown value
RBX=0x00000007ab437a60 is an oop
java.lang.String 
 - klass: 'java/lang/String'
RCX=0x000000000000000c is an unknown value
RDX=0x0000000000000000 is an unknown value
RSP=0x0000000117965a10 is pointing into the stack for thread: 0x00007f80a3803800
RBP=0x0000000117965a10 is pointing into the stack for thread: 0x00007f80a3803800
RSI=0x00007f80a4800978 is a global jni handle
RDI=0x00000007ab437a60 is an oop
java.lang.String 
 - klass: 'java/lang/String'
R8 =0x0000000000000000 is an unknown value
R9 =0x00007f80a2400000 is an unknown value
R10=0x000000004caaafc5 is an unknown value
R11=0xffff808075446730 is an unknown value
R12=0x00007f80a3803800 is a thread
R13=0x00007f80a251f320 is an unknown value
R14=0x0000000000000000 is an unknown value
R15=0x0000000000000000 is an unknown value


Stack: [0x0000000117866000,0x0000000117966000],  sp=0x0000000117965a10,  free space=1022k
Native frames: (J=compiled Java code, j=interpreted, Vv=VM code, C=native code)
V  [libjvm.dylib+0x2adde8]
V  [libjvm.dylib+0x2dd59a]
V  [libjvm.dylib+0x304e48]
C  [libjdwp.dylib+0x752e]  value+0x96
C  [libjdwp.dylib+0xe6b2]  debugLoop_run+0x1ce
C  [libjdwp.dylib+0x1f132]  attachThread+0x4d
V  [libjvm.dylib+0x37417e]
V  [libjvm.dylib+0x4efb47]
V  [libjvm.dylib+0x4f124f]
V  [libjvm.dylib+0x41b1c6]
C  [libsystem_pthread.dylib+0x1899]  _pthread_body+0x8a
C  [libsystem_pthread.dylib+0x172a]  _pthread_struct_init+0x0
C  [libsystem_pthread.dylib+0x5fc9]  thread_start+0xd


---------------  P R O C E S S  ---------------

Java Threads: ( => current thread )
  0x00007f80a3075000 JavaThread "Jack the Process Ripper" daemon [_thread_blocked, id=24067, stack(0x0000000118504000,0x0000000118604000)]
  0x00007f80a406f000 JavaThread "Prolog Process org.cs3.prolog.connector.internal.process.socket.SocketPrologProcess@5bc51ef0 Transitions" daemon [_thread_blocked, id=15623, stack(0x0000000118401000,0x0000000118501000)]
  0x00007f80a406e000 JavaThread "Prolog Process org.cs3.prolog.connector.internal.process.socket.SocketPrologProcess@5bc51ef0 Work" daemon [_thread_blocked, id=17419, stack(0x00000001182fe000,0x00000001183fe000)]
  0x00007f80a6006000 JavaThread "Service Thread" daemon [_thread_blocked, id=22787, stack(0x0000000117d75000,0x0000000117e75000)]
  0x00007f80a3804800 JavaThread "C2 CompilerThread1" daemon [_thread_blocked, id=22275, stack(0x0000000117c72000,0x0000000117d72000)]
  0x00007f80a3011000 JavaThread "C2 CompilerThread0" daemon [_thread_blocked, id=21763, stack(0x0000000117b6f000,0x0000000117c6f000)]
  0x00007f80a3010000 JavaThread "JDWP Command Reader" daemon [_thread_in_native, id=21251, stack(0x0000000117a6c000,0x0000000117b6c000)]
  0x00007f80a3802800 JavaThread "JDWP Event Helper Thread" daemon [_thread_blocked, id=20739, stack(0x0000000117969000,0x0000000117a69000)]
=>0x00007f80a3803800 JavaThread "JDWP Transport Listener: dt_socket" daemon [_thread_in_vm, id=20227, stack(0x0000000117866000,0x0000000117966000)]
  0x00007f80a6004000 JavaThread "Signal Dispatcher" daemon [_thread_blocked, id=19715, stack(0x000000011775d000,0x000000011785d000)]
  0x00007f80a4048000 JavaThread "Finalizer" daemon [_thread_blocked, id=14595, stack(0x000000011751b000,0x000000011761b000)]
  0x00007f80a5000000 JavaThread "Reference Handler" daemon [_thread_blocked, id=14083, stack(0x0000000117418000,0x0000000117518000)]
  0x00007f80a3000800 JavaThread "main" [_thread_blocked, id=6403, stack(0x000000010665d000,0x000000010675d000)]

Other Threads:
  0x00007f80a4045800 VMThread [stack: 0x0000000117315000,0x0000000117415000] [id=13571]
  0x00007f80a280a000 WatcherThread [stack: 0x0000000117e78000,0x0000000117f78000] [id=23299]

VM state:not at safepoint (normal execution)

VM Mutex/Monitor currently owned by a thread: None

Heap
 PSYoungGen      total 76800K, used 13313K [0x00000007aaa80000, 0x00000007b0000000, 0x0000000800000000)
  eden space 66048K, 20% used [0x00000007aaa80000,0x00000007ab780648,0x00000007aeb00000)
  from space 10752K, 0% used [0x00000007af580000,0x00000007af580000,0x00000007b0000000)
  to   space 10752K, 0% used [0x00000007aeb00000,0x00000007aeb00000,0x00000007af580000)
 ParOldGen       total 174592K, used 0K [0x0000000700000000, 0x000000070aa80000, 0x00000007aaa80000)
  object space 174592K, 0% used [0x0000000700000000,0x0000000700000000,0x000000070aa80000)
 PSPermGen       total 21504K, used 5780K [0x00000006fae00000, 0x00000006fc300000, 0x0000000700000000)
  object space 21504K, 26% used [0x00000006fae00000,0x00000006fb3a52b0,0x00000006fc300000)

Card table byte_map: [0x000000010b313000,0x000000010bb3d000] byte_map_base: 0x0000000107b3c000

Polling page: 0x000000010679c000

Code Cache  [0x0000000108253000, 0x00000001084c3000, 0x000000010b253000)
 total_blobs=272 nmethods=43 adapters=191 free_code_cache=48624Kb largest_free_block=49764672

Compilation events (10 events):
Event: 12.117 Thread 0x00007f80a3011000   39   !         java.util.jar.Attributes::read (410 bytes)
Event: 12.133 Thread 0x00007f80a3804800   40             java.util.HashMap::hash (55 bytes)
Event: 12.134 Thread 0x00007f80a3804800 nmethod 40 0x00000001082cc1d0 code [0x00000001082cc320, 0x00000001082cc4a8]
Event: 12.134 Thread 0x00007f80a3804800   41             java.lang.String::replace (127 bytes)
Event: 12.143 Thread 0x00007f80a3804800 nmethod 41 0x00000001082ccc90 code [0x00000001082cce00, 0x00000001082cd2d8]
Event: 12.149 Thread 0x00007f80a3804800   42             sun.net.www.ParseUtil::encodePath (336 bytes)
Event: 12.153 Thread 0x00007f80a3011000 nmethod 39 0x00000001082d4ed0 code [0x00000001082d52e0, 0x00000001082d7a70]
Event: 12.154 Thread 0x00007f80a3011000   43             java.lang.String::startsWith (72 bytes)
Event: 12.156 Thread 0x00007f80a3011000 nmethod 43 0x00000001082d1010 code [0x00000001082d1160, 0x00000001082d13f8]
Event: 12.171 Thread 0x00007f80a3804800 nmethod 42 0x00000001082db390 code [0x00000001082db600, 0x00000001082dcaa8]

GC Heap History (0 events):
No events

Deoptimization events (1 events):
Event: 0.259 Thread 0x00007f80a3000800 Uncommon trap: reason=null_check action=make_not_entrant pc=0x00000001082c5b50 method=java.util.jar.Attributes.putValue(Ljava/lang/String;Ljava/lang/String;)Ljava/lang/String; @ 13

Internal exceptions (10 events):
Event: 12.150 Thread 0x00007f80a3000800 Threw 0x00000007ab3b3ea8 at /HUDSON/workspace/7u-2-build-macosx-x86_64/jdk7u45/229/hotspot/src/share/vm/prims/jvm.cpp:1244
Event: 12.156 Thread 0x00007f80a3000800 Threw 0x00000007ab3c76c8 at /HUDSON/workspace/7u-2-build-macosx-x86_64/jdk7u45/229/hotspot/src/share/vm/prims/jvm.cpp:1244
Event: 12.157 Thread 0x00007f80a3000800 Threw 0x00000007ab3d1d80 at /HUDSON/workspace/7u-2-build-macosx-x86_64/jdk7u45/229/hotspot/src/share/vm/prims/jvm.cpp:1244
Event: 12.158 Thread 0x00007f80a3000800 Threw 0x00000007ab3dbc40 at /HUDSON/workspace/7u-2-build-macosx-x86_64/jdk7u45/229/hotspot/src/share/vm/prims/jvm.cpp:1244
Event: 12.159 Thread 0x00007f80a3000800 Threw 0x00000007ab3eeb00 at /HUDSON/workspace/7u-2-build-macosx-x86_64/jdk7u45/229/hotspot/src/share/vm/prims/jvm.cpp:1244
Event: 12.160 Thread 0x00007f80a3000800 Threw 0x00000007ab3f8090 at /HUDSON/workspace/7u-2-build-macosx-x86_64/jdk7u45/229/hotspot/src/share/vm/prims/jvm.cpp:1244
Event: 12.161 Thread 0x00007f80a3000800 Threw 0x00000007ab401840 at /HUDSON/workspace/7u-2-build-macosx-x86_64/jdk7u45/229/hotspot/src/share/vm/prims/jvm.cpp:1244
Event: 12.162 Thread 0x00007f80a3000800 Threw 0x00000007ab4086e0 at /HUDSON/workspace/7u-2-build-macosx-x86_64/jdk7u45/229/hotspot/src/share/vm/prims/jvm.cpp:1244
Event: 12.162 Thread 0x00007f80a3000800 Threw 0x00000007ab4115d0 at /HUDSON/workspace/7u-2-build-macosx-x86_64/jdk7u45/229/hotspot/src/share/vm/prims/jvm.cpp:1244
Event: 12.167 Thread 0x00007f80a3000800 Threw 0x00000007ab431050 at /HUDSON/workspace/7u-2-build-macosx-x86_64/jdk7u45/229/hotspot/src/share/vm/prims/jvm.cpp:1244

Events (10 events):
Event: 32.011 Executing VM operation: GetCurrentLocation
Event: 32.011 Executing VM operation: GetCurrentLocation done
Event: 32.011 Executing VM operation: ChangeSingleStep
Event: 32.011 Executing VM operation: ChangeSingleStep done
Event: 32.011 Executing VM operation: ChangeSingleStep
Event: 32.011 Executing VM operation: ChangeSingleStep done
Event: 32.127 Executing VM operation: GetOrSetLocal
Event: 32.127 Executing VM operation: GetOrSetLocal done
Event: 32.208 Executing VM operation: GetOrSetLocal
Event: 32.208 Executing VM operation: GetOrSetLocal done


Dynamic libraries:
0x00000000009e1000 	/System/Library/Frameworks/Cocoa.framework/Versions/A/Cocoa
0x00000000009e1000 	/System/Library/Frameworks/Security.framework/Versions/A/Security
0x00000000009e1000 	/System/Library/Frameworks/ApplicationServices.framework/Versions/A/ApplicationServices
0x00000000009e1000 	/usr/lib/libz.1.dylib
0x00000000009e1000 	/usr/lib/libSystem.B.dylib
0x00000000009e1000 	/usr/lib/libobjc.A.dylib
0x00000000009e1000 	/System/Library/Frameworks/CoreFoundation.framework/Versions/A/CoreFoundation
0x00000000009e1000 	/System/Library/Frameworks/Foundation.framework/Versions/C/Foundation
0x00000000009e1000 	/System/Library/Frameworks/AppKit.framework/Versions/C/AppKit
0x00000000009e1000 	/System/Library/Frameworks/CoreData.framework/Versions/A/CoreData
0x00000000009e1000 	/System/Library/PrivateFrameworks/RemoteViewServices.framework/Versions/A/RemoteViewServices
0x00000000009e1000 	/System/Library/Frameworks/AudioToolbox.framework/Versions/A/AudioToolbox
0x00000000009e1000 	/System/Library/Frameworks/AudioUnit.framework/Versions/A/AudioUnit
0x00000000009e1000 	/System/Library/PrivateFrameworks/DataDetectorsCore.framework/Versions/A/DataDetectorsCore
0x00000000009e1000 	/System/Library/PrivateFrameworks/DesktopServicesPriv.framework/Versions/A/DesktopServicesPriv
0x00000000009e1000 	/System/Library/Frameworks/Carbon.framework/Versions/A/Frameworks/HIToolbox.framework/Versions/A/HIToolbox
0x00000000009e1000 	/System/Library/Frameworks/QuartzCore.framework/Versions/A/QuartzCore
0x00000000009e1000 	/System/Library/Frameworks/Carbon.framework/Versions/A/Frameworks/SpeechRecognition.framework/Versions/A/SpeechRecognition
0x00000000009e1000 	/usr/lib/libauto.dylib
0x00000000009e1000 	/usr/lib/libicucore.A.dylib
0x00000000009e1000 	/usr/lib/libxml2.2.dylib
0x00000000009e1000 	/System/Library/PrivateFrameworks/CoreUI.framework/Versions/A/CoreUI
0x00000000009e1000 	/System/Library/Frameworks/CoreAudio.framework/Versions/A/CoreAudio
0x00000000009e1000 	/System/Library/Frameworks/DiskArbitration.framework/Versions/A/DiskArbitration
0x00000000009e1000 	/usr/lib/liblangid.dylib
0x00000000009e1000 	/System/Library/PrivateFrameworks/MultitouchSupport.framework/Versions/A/MultitouchSupport
0x00000000009e1000 	/System/Library/Frameworks/IOKit.framework/Versions/A/IOKit
0x00000000009e1000 	/usr/lib/libDiagnosticMessagesClient.dylib
0x00000000009e1000 	/System/Library/Frameworks/CoreServices.framework/Versions/A/CoreServices
0x00000000009e1000 	/System/Library/PrivateFrameworks/PerformanceAnalysis.framework/Versions/A/PerformanceAnalysis
0x00000000009e1000 	/System/Library/PrivateFrameworks/GenerationalStorage.framework/Versions/A/GenerationalStorage
0x00000000009e1000 	/System/Library/Frameworks/OpenGL.framework/Versions/A/OpenGL
0x00000000009e1000 	/System/Library/PrivateFrameworks/Sharing.framework/Versions/A/Sharing
0x00000000009e1000 	/System/Library/Frameworks/ImageIO.framework/Versions/A/ImageIO
0x00000000009e1000 	/System/Library/Frameworks/CoreText.framework/Versions/A/CoreText
0x00000000009e1000 	/System/Library/Frameworks/CoreGraphics.framework/Versions/A/CoreGraphics
0x00000000009e1000 	/System/Library/PrivateFrameworks/Backup.framework/Versions/A/Backup
0x00000000009e1000 	/System/Library/Frameworks/CFNetwork.framework/Versions/A/CFNetwork
0x00000000009e1000 	/System/Library/Frameworks/SystemConfiguration.framework/Versions/A/SystemConfiguration
0x00000000009e1000 	/usr/lib/libCRFSuite.dylib
0x00000000009e1000 	/usr/lib/libc++.1.dylib
0x00000000009e1000 	/usr/lib/libc++abi.dylib
0x00000000009e1000 	/usr/lib/system/libcache.dylib
0x00000000009e1000 	/usr/lib/system/libcommonCrypto.dylib
0x00000000009e1000 	/usr/lib/system/libcompiler_rt.dylib
0x00000000009e1000 	/usr/lib/system/libcopyfile.dylib
0x00000000009e1000 	/usr/lib/system/libcorecrypto.dylib
0x00000000009e1000 	/usr/lib/system/libdispatch.dylib
0x00000000009e1000 	/usr/lib/system/libdyld.dylib
0x00000000009e1000 	/usr/lib/system/libkeymgr.dylib
0x00000000009e1000 	/usr/lib/system/liblaunch.dylib
0x00000000009e1000 	/usr/lib/system/libmacho.dylib
0x00000000009e1000 	/usr/lib/system/libquarantine.dylib
0x00000000009e1000 	/usr/lib/system/libremovefile.dylib
0x00000000009e1000 	/usr/lib/system/libsystem_asl.dylib
0x00000000009e1000 	/usr/lib/system/libsystem_blocks.dylib
0x00000000009e1000 	/usr/lib/system/libsystem_c.dylib
0x00000000009e1000 	/usr/lib/system/libsystem_configuration.dylib
0x00000000009e1000 	/usr/lib/system/libsystem_dnssd.dylib
0x00000000009e1000 	/usr/lib/system/libsystem_info.dylib
0x00000000009e1000 	/usr/lib/system/libsystem_kernel.dylib
0x00000000009e1000 	/usr/lib/system/libsystem_m.dylib
0x00000000009e1000 	/usr/lib/system/libsystem_malloc.dylib
0x00000000009e1000 	/usr/lib/system/libsystem_network.dylib
0x00000000009e1000 	/usr/lib/system/libsystem_notify.dylib
0x00000000009e1000 	/usr/lib/system/libsystem_platform.dylib
0x00000000009e1000 	/usr/lib/system/libsystem_pthread.dylib
0x00000000009e1000 	/usr/lib/system/libsystem_sandbox.dylib
0x00000000009e1000 	/usr/lib/system/libsystem_stats.dylib
0x00000000009e1000 	/usr/lib/system/libunc.dylib
0x00000000009e1000 	/usr/lib/system/libunwind.dylib
0x00000000009e1000 	/usr/lib/system/libxpc.dylib
0x00000000009e1000 	/usr/lib/libbsm.0.dylib
0x00000000009e1000 	/usr/lib/libsqlite3.dylib
0x00000000009e1000 	/usr/lib/libxar.1.dylib
0x00000000009e1000 	/usr/lib/libpam.2.dylib
0x00000000009e1000 	/usr/lib/libOpenScriptingUtil.dylib
0x00000000009e1000 	/usr/lib/libbz2.1.0.dylib
0x00000000009e1000 	/System/Library/Frameworks/CoreServices.framework/Versions/A/Frameworks/CarbonCore.framework/Versions/A/CarbonCore
0x00000000009e1000 	/System/Library/Frameworks/CoreServices.framework/Versions/A/Frameworks/Metadata.framework/Versions/A/Metadata
0x00000000009e1000 	/System/Library/Frameworks/CoreServices.framework/Versions/A/Frameworks/OSServices.framework/Versions/A/OSServices
0x00000000009e1000 	/System/Library/Frameworks/CoreServices.framework/Versions/A/Frameworks/SearchKit.framework/Versions/A/SearchKit
0x00000000009e1000 	/System/Library/Frameworks/CoreServices.framework/Versions/A/Frameworks/AE.framework/Versions/A/AE
0x00000000009e1000 	/System/Library/Frameworks/CoreServices.framework/Versions/A/Frameworks/LaunchServices.framework/Versions/A/LaunchServices
0x00000000009e1000 	/System/Library/Frameworks/CoreServices.framework/Versions/A/Frameworks/DictionaryServices.framework/Versions/A/DictionaryServices
0x00000000009e1000 	/System/Library/Frameworks/NetFS.framework/Versions/A/NetFS
0x00000000009e1000 	/usr/lib/system/libkxld.dylib
0x00000000009e1000 	/System/Library/PrivateFrameworks/NetAuth.framework/Versions/A/NetAuth
0x00000000009e1000 	/System/Library/PrivateFrameworks/TCC.framework/Versions/A/TCC
0x00000000009e1000 	/System/Library/Frameworks/OpenDirectory.framework/Versions/A/Frameworks/CFOpenDirectory.framework/Versions/A/CFOpenDirectory
0x00000000009e1000 	/System/Library/Frameworks/ServiceManagement.framework/Versions/A/ServiceManagement
0x00000000009e1000 	/usr/lib/libxslt.1.dylib
0x00000000009e1000 	/System/Library/Frameworks/Carbon.framework/Versions/A/Frameworks/Ink.framework/Versions/A/Ink
0x00000000009e1000 	/System/Library/Frameworks/ApplicationServices.framework/Versions/A/Frameworks/ATS.framework/Versions/A/ATS
0x00000000009e1000 	/System/Library/Frameworks/ApplicationServices.framework/Versions/A/Frameworks/ColorSync.framework/Versions/A/ColorSync
0x00000000009e1000 	/System/Library/Frameworks/ApplicationServices.framework/Versions/A/Frameworks/HIServices.framework/Versions/A/HIServices
0x00000000009e1000 	/System/Library/Frameworks/ApplicationServices.framework/Versions/A/Frameworks/LangAnalysis.framework/Versions/A/LangAnalysis
0x00000000009e1000 	/System/Library/Frameworks/ApplicationServices.framework/Versions/A/Frameworks/PrintCore.framework/Versions/A/PrintCore
0x00000000009e1000 	/System/Library/Frameworks/ApplicationServices.framework/Versions/A/Frameworks/QD.framework/Versions/A/QD
0x00000000009e1000 	/System/Library/Frameworks/ApplicationServices.framework/Versions/A/Frameworks/SpeechSynthesis.framework/Versions/A/SpeechSynthesis
0x00000000009e1000 	/System/Library/Frameworks/IOSurface.framework/Versions/A/IOSurface
0x00000000009e1000 	/System/Library/Frameworks/Accelerate.framework/Versions/A/Accelerate
0x00000000009e1000 	/System/Library/Frameworks/Accelerate.framework/Versions/A/Frameworks/vImage.framework/Versions/A/vImage
0x00000000009e1000 	/System/Library/Frameworks/Accelerate.framework/Versions/A/Frameworks/vecLib.framework/Versions/A/vecLib
0x00000000009e1000 	/System/Library/Frameworks/Accelerate.framework/Versions/A/Frameworks/vecLib.framework/Versions/A/libvDSP.dylib
0x00000000009e1000 	/System/Library/Frameworks/Accelerate.framework/Versions/A/Frameworks/vecLib.framework/Versions/A/libvMisc.dylib
0x00000000009e1000 	/System/Library/Frameworks/Accelerate.framework/Versions/A/Frameworks/vecLib.framework/Versions/A/libLAPACK.dylib
0x00000000009e1000 	/System/Library/Frameworks/Accelerate.framework/Versions/A/Frameworks/vecLib.framework/Versions/A/libBLAS.dylib
0x00000000009e1000 	/System/Library/Frameworks/ApplicationServices.framework/Versions/A/Frameworks/ATS.framework/Versions/A/Resources/libFontParser.dylib
0x00000000009e1000 	/System/Library/Frameworks/ApplicationServices.framework/Versions/A/Frameworks/ATS.framework/Versions/A/Resources/libFontRegistry.dylib
0x00000000009e1000 	/System/Library/Frameworks/ImageIO.framework/Versions/A/Resources/libJPEG.dylib
0x00000000009e1000 	/System/Library/Frameworks/ImageIO.framework/Versions/A/Resources/libTIFF.dylib
0x00000000009e1000 	/System/Library/Frameworks/ImageIO.framework/Versions/A/Resources/libPng.dylib
0x00000000009e1000 	/System/Library/Frameworks/ImageIO.framework/Versions/A/Resources/libGIF.dylib
0x00000000009e1000 	/System/Library/Frameworks/ImageIO.framework/Versions/A/Resources/libJP2.dylib
0x00000000009e1000 	/System/Library/Frameworks/ImageIO.framework/Versions/A/Resources/libRadiance.dylib
0x00000000009e1000 	/usr/lib/libcups.2.dylib
0x00000000009e1000 	/System/Library/Frameworks/Kerberos.framework/Versions/A/Kerberos
0x00000000009e1000 	/System/Library/Frameworks/GSS.framework/Versions/A/GSS
0x00000000009e1000 	/usr/lib/libresolv.9.dylib
0x00000000009e1000 	/usr/lib/libiconv.2.dylib
0x00000000009e1000 	/System/Library/PrivateFrameworks/Heimdal.framework/Versions/A/Heimdal
0x00000000009e1000 	/System/Library/PrivateFrameworks/TrustEvaluationAgent.framework/Versions/A/TrustEvaluationAgent
0x00000000009e1000 	/usr/lib/libheimdal-asn1.dylib
0x00000000009e1000 	/System/Library/Frameworks/OpenDirectory.framework/Versions/A/OpenDirectory
0x00000000009e1000 	/System/Library/PrivateFrameworks/CommonAuth.framework/Versions/A/CommonAuth
0x00000000009e1000 	/System/Library/Frameworks/SecurityFoundation.framework/Versions/A/SecurityFoundation
0x00000000009e1000 	/System/Library/PrivateFrameworks/Bom.framework/Versions/A/Bom
0x00000000009e1000 	/System/Library/Frameworks/CoreVideo.framework/Versions/A/CoreVideo
0x00000000009e1000 	/System/Library/Frameworks/QuartzCore.framework/Versions/A/Frameworks/CoreImage.framework/Versions/A/CoreImage
0x00000000009e1000 	/System/Library/Frameworks/QuartzCore.framework/Versions/A/Frameworks/ScalableUserInterface.framework/Versions/A/ScalableUserInterface
0x00000000009e1000 	/System/Library/Frameworks/OpenGL.framework/Versions/A/Libraries/libGLU.dylib
0x00000000009e1000 	/System/Library/Frameworks/OpenGL.framework/Versions/A/Libraries/libGFXShared.dylib
0x00000000009e1000 	/System/Library/Frameworks/OpenGL.framework/Versions/A/Libraries/libGL.dylib
0x00000000009e1000 	/System/Library/Frameworks/OpenGL.framework/Versions/A/Libraries/libGLImage.dylib
0x00000000009e1000 	/System/Library/Frameworks/OpenGL.framework/Versions/A/Libraries/libCVMSPluginSupport.dylib
0x00000000009e1000 	/System/Library/Frameworks/OpenGL.framework/Versions/A/Libraries/libCoreVMClient.dylib
0x00000000009e1000 	/System/Library/PrivateFrameworks/FaceCore.framework/Versions/A/FaceCore
0x00000000009e1000 	/System/Library/PrivateFrameworks/CrashReporterSupport.framework/Versions/A/CrashReporterSupport
0x00000000009e1000 	/System/Library/Frameworks/OpenCL.framework/Versions/A/OpenCL
0x00000000009e1000 	/System/Library/PrivateFrameworks/AppleFSCompression.framework/Versions/A/AppleFSCompression
0x00000000009e1000 	/System/Library/PrivateFrameworks/Ubiquity.framework/Versions/A/Ubiquity
0x00000000009e1000 	/System/Library/PrivateFrameworks/IconServices.framework/Versions/A/IconServices
0x00000000009e1000 	/System/Library/PrivateFrameworks/ChunkingLibrary.framework/Versions/A/ChunkingLibrary
0x00000000009e1000 	/System/Library/PrivateFrameworks/CoreSymbolication.framework/Versions/A/CoreSymbolication
0x00000000009e1000 	/System/Library/PrivateFrameworks/Symbolication.framework/Versions/A/Symbolication
0x00000000009e1000 	/System/Library/PrivateFrameworks/DebugSymbols.framework/Versions/A/DebugSymbols
0x0000000107800000 	/Library/Java/JavaVirtualMachines/jdk1.7.0_45.jdk/Contents/Home/jre/lib/server/libjvm.dylib
0x00000000009e1000 	/usr/lib/libstdc++.6.dylib
0x000000010675f000 	/Library/Java/JavaVirtualMachines/jdk1.7.0_45.jdk/Contents/Home/jre/lib/libverify.dylib
0x000000010676c000 	/Library/Java/JavaVirtualMachines/jdk1.7.0_45.jdk/Contents/Home/jre/lib/libjava.dylib
0x000000010679d000 	/Library/Java/JavaVirtualMachines/jdk1.7.0_45.jdk/Contents/Home/jre/lib/libjdwp.dylib
0x00000001067da000 	/Library/Java/JavaVirtualMachines/jdk1.7.0_45.jdk/Contents/Home/jre/lib/libnpt.dylib
0x00000001067e7000 	/Library/Java/JavaVirtualMachines/jdk1.7.0_45.jdk/Contents/Home/jre/lib/libzip.dylib
0x000000011761d000 	/System/Library/Frameworks/JavaVM.framework/Frameworks/JavaRuntimeSupport.framework/JavaRuntimeSupport
0x0000000117635000 	/System/Library/Frameworks/JavaVM.framework/Versions/A/Frameworks/JavaNativeFoundation.framework/Versions/A/JavaNativeFoundation
0x00000001067f1000 	/System/Library/Frameworks/JavaVM.framework/Versions/A/JavaVM
0x00000000009e1000 	/System/Library/Frameworks/Carbon.framework/Versions/A/Carbon
0x000000011764a000 	/System/Library/PrivateFrameworks/JavaLaunching.framework/Versions/A/JavaLaunching
0x00000000009e1000 	/System/Library/Frameworks/Carbon.framework/Versions/A/Frameworks/CommonPanels.framework/Versions/A/CommonPanels
0x00000000009e1000 	/System/Library/Frameworks/Carbon.framework/Versions/A/Frameworks/Help.framework/Versions/A/Help
0x00000000009e1000 	/System/Library/Frameworks/Carbon.framework/Versions/A/Frameworks/ImageCapture.framework/Versions/A/ImageCapture
0x00000000009e1000 	/System/Library/Frameworks/Carbon.framework/Versions/A/Frameworks/OpenScripting.framework/Versions/A/OpenScripting
0x00000000009e1000 	/System/Library/Frameworks/Carbon.framework/Versions/A/Frameworks/Print.framework/Versions/A/Print
0x00000000009e1000 	/System/Library/Frameworks/Carbon.framework/Versions/A/Frameworks/SecurityHI.framework/Versions/A/SecurityHI
0x000000011785f000 	/Library/Java/JavaVirtualMachines/jdk1.7.0_45.jdk/Contents/Home/jre/lib/libdt_socket.dylib
0x0000000117747000 	/Library/Java/JavaVirtualMachines/jdk1.7.0_45.jdk/Contents/Home/jre/lib/libnio.dylib
0x000000011828a000 	/Library/Java/JavaVirtualMachines/jdk1.7.0_45.jdk/Contents/Home/jre/lib/./libnet.dylib

VM Arguments:
jvm_args: -agentlib:jdwp=transport=dt_socket,suspend=y,address=localhost:62385 -Dfile.encoding=US-ASCII 
java_command: ftp.impl.FTPTest
Launcher Type: SUN_STANDARD

Environment Variables:
PATH=/usr/bin:/bin:/usr/sbin:/sbin
SHELL=/bin/bash
DISPLAY=/tmp/launch-8Ugf09/org.macosforge.xquartz:0

Signal Handlers:
SIGSEGV: [libjvm.dylib+0x525415], sa_mask[0]=0xfffefeff, sa_flags=0x00000043
SIGBUS: [libjvm.dylib+0x525415], sa_mask[0]=0xfffefeff, sa_flags=0x00000042
SIGFPE: [libjvm.dylib+0x41891a], sa_mask[0]=0xfffefeff, sa_flags=0x00000042
SIGPIPE: [libjvm.dylib+0x41891a], sa_mask[0]=0xfffefeff, sa_flags=0x00000042
SIGXFSZ: [libjvm.dylib+0x41891a], sa_mask[0]=0xfffefeff, sa_flags=0x00000042
SIGILL: [libjvm.dylib+0x41891a], sa_mask[0]=0xfffefeff, sa_flags=0x00000042
SIGUSR1: SIG_DFL, sa_mask[0]=0x00000000, sa_flags=0x00000002
SIGUSR2: [libjvm.dylib+0x41840c], sa_mask[0]=0x00000004, sa_flags=0x00000042
SIGHUP: [libjvm.dylib+0x41669b], sa_mask[0]=0xfffefeff, sa_flags=0x00000042
SIGINT: [libjvm.dylib+0x41669b], sa_mask[0]=0xfffefeff, sa_flags=0x00000042
SIGTERM: [libjvm.dylib+0x41669b], sa_mask[0]=0xfffefeff, sa_flags=0x00000042
SIGQUIT: [libjvm.dylib+0x41669b], sa_mask[0]=0xfffefeff, sa_flags=0x00000042


---------------  S Y S T E M  ---------------

OS:Bsduname:Darwin 13.4.0 Darwin Kernel Version 13.4.0: Wed Mar 18 16:20:14 PDT 2015; root:xnu-2422.115.14~1/RELEASE_X86_64 x86_64
rlimit: STACK 8192k, CORE 0k, NPROC 709, NOFILE 10240, AS infinity
load average:2.35 2.13 2.18

CPU:total 8 (4 cores per cpu, 2 threads per core) family 6 model 58 stepping 9, cmov, cx8, fxsr, mmx, sse, sse2, sse3, ssse3, sse4.1, sse4.2, popcnt, avx, aes, erms, ht, tsc, tscinvbit, tscinv

Memory: 4k page, physical 16777216k(4194304k free)

/proc/meminfo:


vm_info: Java HotSpot(TM) 64-Bit Server VM (24.45-b08) for bsd-amd64 JRE (1.7.0_45-b18), built on Oct  8 2013 05:54:16 by "java_re" with gcc 4.2.1 (Based on Apple Inc. build 5658) (LLVM build 2336.11.00)

time: Wed Feb 17 15:01:59 2016
elapsed time: 33 seconds

