<?xml version="1.0" encoding="UTF-8"?>
<trace:TraceModel xmi:version="2.0" xmlns:xmi="http://www.omg.org/XMI" xmlns:trace="http://www.eclipse.org/gmf/2006/Trace">
  <nodeTraces visualID="2001" queryText="(let _eClass_:ecore::EClass = modelFacet.metaClass.ecoreClass in _eClass_.ePackage.nsURI = 'http://www.certware.net/gsn' and _eClass_.name = 'Goal') and (let _containmentMF_:ecore::EStructuralFeature = modelFacet.containmentMetaFeature.ecoreFeature in (let _eClass_:ecore::EClass = _containmentMF_.eContainingClass in _eClass_.ePackage.nsURI = 'http://www.certware.net/gsn' and _eClass_.name = 'ArgumentDiagram') and _containmentMF_.name = 'goals')">
    <nodeLabelTraces visualID="5001" queryText="true"/>
    <nodeLabelTraces visualID="5002" queryText="true"/>
    <nodeLabelTraces visualID="5003" queryText="true"/>
  </nodeTraces>
  <nodeTraces visualID="2002" queryText="(let _eClass_:ecore::EClass = modelFacet.metaClass.ecoreClass in _eClass_.ePackage.nsURI = 'http://www.certware.net/gsn' and _eClass_.name = 'Solution') and (let _containmentMF_:ecore::EStructuralFeature = modelFacet.containmentMetaFeature.ecoreFeature in (let _eClass_:ecore::EClass = _containmentMF_.eContainingClass in _eClass_.ePackage.nsURI = 'http://www.certware.net/gsn' and _eClass_.name = 'ArgumentDiagram') and _containmentMF_.name = 'solutions')">
    <nodeLabelTraces visualID="5004" queryText="true"/>
  </nodeTraces>
  <nodeTraces visualID="2003" queryText="(let _eClass_:ecore::EClass = modelFacet.metaClass.ecoreClass in _eClass_.ePackage.nsURI = 'http://www.certware.net/gsn' and _eClass_.name = 'Strategy') and (let _containmentMF_:ecore::EStructuralFeature = modelFacet.containmentMetaFeature.ecoreFeature in (let _eClass_:ecore::EClass = _containmentMF_.eContainingClass in _eClass_.ePackage.nsURI = 'http://www.certware.net/gsn' and _eClass_.name = 'ArgumentDiagram') and _containmentMF_.name = 'strategies')">
    <nodeLabelTraces visualID="5005" queryText="true"/>
  </nodeTraces>
  <nodeTraces visualID="2004" queryText="(let _eClass_:ecore::EClass = modelFacet.metaClass.ecoreClass in _eClass_.ePackage.nsURI = 'http://www.certware.net/gsn' and _eClass_.name = 'Assumption') and (let _containmentMF_:ecore::EStructuralFeature = modelFacet.containmentMetaFeature.ecoreFeature in (let _eClass_:ecore::EClass = _containmentMF_.eContainingClass in _eClass_.ePackage.nsURI = 'http://www.certware.net/gsn' and _eClass_.name = 'ArgumentDiagram') and _containmentMF_.name = 'assumptions')">
    <nodeLabelTraces visualID="5006" queryText="true"/>
  </nodeTraces>
  <nodeTraces visualID="2005" queryText="(let _eClass_:ecore::EClass = modelFacet.metaClass.ecoreClass in _eClass_.ePackage.nsURI = 'http://www.certware.net/gsn' and _eClass_.name = 'Context') and (let _containmentMF_:ecore::EStructuralFeature = modelFacet.containmentMetaFeature.ecoreFeature in (let _eClass_:ecore::EClass = _containmentMF_.eContainingClass in _eClass_.ePackage.nsURI = 'http://www.certware.net/gsn' and _eClass_.name = 'ArgumentDiagram') and _containmentMF_.name = 'contexts')">
    <nodeLabelTraces visualID="5007" queryText="true"/>
  </nodeTraces>
  <nodeTraces visualID="2006" queryText="(let _eClass_:ecore::EClass = modelFacet.metaClass.ecoreClass in _eClass_.ePackage.nsURI = 'http://www.certware.net/gsn' and _eClass_.name = 'Justification') and (let _containmentMF_:ecore::EStructuralFeature = modelFacet.containmentMetaFeature.ecoreFeature in (let _eClass_:ecore::EClass = _containmentMF_.eContainingClass in _eClass_.ePackage.nsURI = 'http://www.certware.net/gsn' and _eClass_.name = 'ArgumentDiagram') and _containmentMF_.name = 'justifications')">
    <nodeLabelTraces visualID="5008" queryText="true"/>
  </nodeTraces>
</trace:TraceModel>
